\BOOKMARK [1][-]{section.1}{Wyniki}{}% 1
\BOOKMARK [1][-]{section.2}{Tabela pomiarowa}{}% 2
\BOOKMARK [2][-]{subsection.2.1}{Metoda Davissona}{section.2}% 3
\BOOKMARK [2][-]{subsection.2.2}{Methoda Richardsona}{section.2}% 4
\BOOKMARK [1][-]{section.3}{Opis teoretyczny}{}% 5
\BOOKMARK [2][-]{subsection.3.1}{Teoria cia\233a sta\233ego}{section.3}% 6
\BOOKMARK [3][-]{subsubsection.3.1.1}{Model pasmowy}{subsection.3.1}% 7
\BOOKMARK [2][-]{subsection.3.2}{Rozk\233ad Fermiego-Diraca}{section.3}% 8
\BOOKMARK [3][-]{subsubsection.3.2.1}{Praca wyjscia}{subsection.3.2}% 9
\BOOKMARK [3][-]{subsubsection.3.2.2}{Potencja\233 kontaktowy}{subsection.3.2}% 10
\BOOKMARK [2][-]{subsection.3.3}{Teoria diody}{section.3}% 11
\BOOKMARK [3][-]{subsubsection.3.3.1}{Zakres I - pradu poczatkowego}{subsection.3.3}% 12
\BOOKMARK [3][-]{subsubsection.3.3.2}{Zakres II - \233adunku przestrzennego}{subsection.3.3}% 13
\BOOKMARK [3][-]{subsubsection.3.3.3}{Zakres III - nasycenia}{subsection.3.3}% 14
\BOOKMARK [3][-]{subsubsection.3.3.4}{Katody tlenkowe}{subsection.3.3}% 15
\BOOKMARK [2][-]{subsection.3.4}{Uk\233ad Davissona}{section.3}% 16
\BOOKMARK [2][-]{subsection.3.5}{Pirometr}{section.3}% 17
\BOOKMARK [2][-]{subsection.3.6}{Metoda Richardsona}{section.3}% 18
\BOOKMARK [1][-]{section.4}{Analiza pomiar\363w}{}% 19
\BOOKMARK [2][-]{subsection.4.1}{Metoda Richardsona}{section.4}% 20
\BOOKMARK [3][-]{subsubsection.4.1.1}{Opis pomiar\363w}{subsection.4.1}% 21
\BOOKMARK [3][-]{subsubsection.4.1.2}{Temperatura, a prad zarzenia}{subsection.4.1}% 22
\BOOKMARK [3][-]{subsubsection.4.1.3}{Prosta Richardsona}{subsection.4.1}% 23
\BOOKMARK [3][-]{subsubsection.4.1.4}{Wynik}{subsection.4.1}% 24
\BOOKMARK [2][-]{subsection.4.2}{Metoda Davissona}{section.4}% 25
\BOOKMARK [3][-]{subsubsection.4.2.1}{Op\363r w\233\363kna}{subsection.4.2}% 26
\BOOKMARK [3][-]{subsubsection.4.2.2}{Temperatura}{subsection.4.2}% 27
\BOOKMARK [3][-]{subsubsection.4.2.3}{Wynik}{subsection.4.2}% 28
\BOOKMARK [1][-]{section.5}{Wnioski}{}% 29
\BOOKMARK [2][-]{subsection.5.1}{Metoda Richardsona}{section.5}% 30
\BOOKMARK [2][-]{subsection.5.2}{Metoda Davissona}{section.5}% 31
