\BOOKMARK [1][-]{section.1}{Opis teoretyczny}{}% 1
\BOOKMARK [2][-]{subsection.1.1}{Spektrometria mass}{section.1}% 2
\BOOKMARK [3][-]{subsubsection.1.1.1}{Podstawy spektormetrii masowej}{subsection.1.1}% 3
\BOOKMARK [3][-]{subsubsection.1.1.2}{Analizator kwadrupolowy}{subsection.1.1}% 4
\BOOKMARK [3][-]{subsubsection.1.1.3}{Wielokrotny kwadrupol}{subsection.1.1}% 5
\BOOKMARK [3][-]{subsubsection.1.1.4}{Analizator unipolowy}{subsection.1.1}% 6
\BOOKMARK [2][-]{subsection.1.2}{Technika pr\363zni}{section.1}% 7
\BOOKMARK [2][-]{subsection.1.3}{Pompy pr\363zniowe}{section.1}% 8
\BOOKMARK [3][-]{subsubsection.1.3.1}{Pompa rotacyjna}{subsection.1.3}% 9
\BOOKMARK [3][-]{subsubsection.1.3.2}{Pompa turbomolekularna}{subsection.1.3}% 10
\BOOKMARK [3][-]{subsubsection.1.3.3}{Pompa jonowo-sorpcyjna}{subsection.1.3}% 11
\BOOKMARK [2][-]{subsection.1.4}{Pr\363zniomierz Bayarda-Alperta}{section.1}% 12
\BOOKMARK [3][-]{subsubsection.1.4.1}{Problem lokalnosci pr\363zni}{subsection.1.4}% 13
\BOOKMARK [2][-]{subsection.1.5}{Spektrometr mas jako analizator gaz\363w resztkowych}{section.1}% 14
\BOOKMARK [1][-]{section.2}{Przebieg doswiadczenia}{}% 15
\BOOKMARK [2][-]{subsection.2.1}{Pomiary}{section.2}% 16
\BOOKMARK [1][-]{section.3}{Analiza pomiar\363w}{}% 17
\BOOKMARK [2][-]{subsection.3.1}{Optymale parametry pomiar\363w}{section.3}% 18
\BOOKMARK [2][-]{subsection.3.2}{Poczatkowe spektrum masowe}{section.3}% 19
\BOOKMARK [2][-]{subsection.3.3}{Rozdzielczosc analizatora}{section.3}% 20
\BOOKMARK [2][-]{subsection.3.4}{Koncentracja wodoru w trakcie pracy g\233owicy Bayarda-Alperta}{section.3}% 21
\BOOKMARK [2][-]{subsection.3.5}{Spektrum masowe w trakcie pracy g\233owicy Bayarda-Alperta}{section.3}% 22
\BOOKMARK [2][-]{subsection.3.6}{Koncentracja tlenu przy w\233aczanym zr\363dle tlenu}{section.3}% 23
\BOOKMARK [2][-]{subsection.3.7}{Spektrum masowe po doprowadzeniu tlenu do uk\233adu}{section.3}% 24
\BOOKMARK [1][-]{section.4}{Wnioski}{}% 25
\BOOKMARK [2][-]{subsection.4.1}{Parametry i rodzielczosc}{section.4}% 26
\BOOKMARK [2][-]{subsection.4.2}{Gazy resztkowe}{section.4}% 27
\BOOKMARK [2][-]{subsection.4.3}{G\233owica Bayarda-Alperta}{section.4}% 28
\BOOKMARK [2][-]{subsection.4.4}{Doprowadzenie tlenu do uk\233adu}{section.4}% 29
