\BOOKMARK [1][-]{section.1}{Wyniki}{}% 1
\BOOKMARK [1][-]{section.2}{Tabela pomiarowa}{}% 2
\BOOKMARK [2][-]{subsection.2.1}{Przypadek pola pod\233uznego}{section.2}% 3
\BOOKMARK [2][-]{subsection.2.2}{Przypadek pola poprzecznego}{section.2}% 4
\BOOKMARK [2][-]{subsection.2.3}{Metoda Thompsona}{section.2}% 5
\BOOKMARK [1][-]{section.3}{Opis teoretyczny}{}% 6
\BOOKMARK [2][-]{subsection.3.1}{Nierelatywistyczny ruch czastki na\233adowanej w polu elektromagnetycznym}{section.3}% 7
\BOOKMARK [3][-]{subsubsection.3.1.1}{Jednorodne pole elektryczne}{subsection.3.1}% 8
\BOOKMARK [3][-]{subsubsection.3.1.2}{Jednorodne pole magnetyczne}{subsection.3.1}% 9
\BOOKMARK [3][-]{subsubsection.3.1.3}{R\363wnleg\233e jednorodne pola}{subsection.3.1}% 10
\BOOKMARK [3][-]{subsubsection.3.1.4}{Prostopad\233e jednorodne pola}{subsection.3.1}% 11
\BOOKMARK [2][-]{subsection.3.2}{Solenoid}{section.3}% 12
\BOOKMARK [2][-]{subsection.3.3}{Metody wyznaczania \233adunku w\233asciwego}{section.3}% 13
\BOOKMARK [3][-]{subsubsection.3.3.1}{Metoda poprzecznego pola magnetycznego}{subsection.3.3}% 14
\BOOKMARK [3][-]{subsubsection.3.3.2}{Metoda Thompsona}{subsection.3.3}% 15
\BOOKMARK [3][-]{subsubsection.3.3.3}{Metoda pod\233uznego pola magnetycznego - Buscha}{subsection.3.3}% 16
\BOOKMARK [3][-]{subsubsection.3.3.4}{Metoda filtr\363w predkosci}{subsection.3.3}% 17
\BOOKMARK [3][-]{subsubsection.3.3.5}{Lampa oscyloskopowa \(Brauna\)}{subsection.3.3}% 18
\BOOKMARK [2][-]{subsection.3.4}{Cewki Helmholtza}{section.3}% 19
\BOOKMARK [3][-]{subsubsection.3.4.1}{Pole magnetyczne cewek Helmholtza}{subsection.3.4}% 20
\BOOKMARK [1][-]{section.4}{Opis doswiadczenia}{}% 21
\BOOKMARK [2][-]{subsection.4.1}{Metoda pola pod\233uznego}{section.4}% 22
\BOOKMARK [2][-]{subsection.4.2}{Metoda pola poprzecznego}{section.4}% 23
\BOOKMARK [2][-]{subsection.4.3}{Metoda Thompsona}{section.4}% 24
\BOOKMARK [1][-]{section.5}{Obliczenia}{}% 25
\BOOKMARK [2][-]{subsection.5.1}{Przypadek pola pod\233uznego}{section.5}% 26
\BOOKMARK [2][-]{subsection.5.2}{Przypadek pola poprzecznego}{section.5}% 27
\BOOKMARK [3][-]{subsubsection.5.2.1}{Poprzeczne pole elektryczne}{subsection.5.2}% 28
\BOOKMARK [3][-]{subsubsection.5.2.2}{Poprzeczne pole magnetyczne}{subsection.5.2}% 29
\BOOKMARK [2][-]{subsection.5.3}{Metoda Thompsona}{section.5}% 30
\BOOKMARK [3][-]{subsubsection.5.3.1}{Wyznaczenie predkosci wiazki}{subsection.5.3}% 31
\BOOKMARK [3][-]{subsubsection.5.3.2}{Pole elektryczne}{subsection.5.3}% 32
\BOOKMARK [3][-]{subsubsection.5.3.3}{Pole magnetyczne}{subsection.5.3}% 33
\BOOKMARK [3][-]{subsubsection.5.3.4}{Podsumowanie Methody Thompsona}{subsection.5.3}% 34
\BOOKMARK [1][-]{section.6}{Ocena niepewnosci}{}% 35
\BOOKMARK [2][-]{subsection.6.1}{Pod\233uzne pole}{section.6}% 36
\BOOKMARK [2][-]{subsection.6.2}{Poprzeczne pole}{section.6}% 37
\BOOKMARK [3][-]{subsubsection.6.2.1}{Pole elektryczne}{subsection.6.2}% 38
\BOOKMARK [3][-]{subsubsection.6.2.2}{Pole magnetyczne}{subsection.6.2}% 39
\BOOKMARK [2][-]{subsection.6.3}{Metoda Thompsona}{section.6}% 40
\BOOKMARK [3][-]{subsubsection.6.3.1}{Niepewnosc predkosci}{subsection.6.3}% 41
\BOOKMARK [3][-]{subsubsection.6.3.2}{Niepewnosc pomiaru}{subsection.6.3}% 42
\BOOKMARK [1][-]{section.7}{Wnioski}{}% 43
