\BOOKMARK [1][-]{section.1}{Wyniki}{}% 1
\BOOKMARK [2][-]{subsection.1.1}{Stala Plancka}{section.1}% 2
\BOOKMARK [2][-]{subsection.1.2}{Sta\233a sieci krystalicznej NaCl}{section.1}% 3
\BOOKMARK [1][-]{section.2}{Opis teoretyczny}{}% 4
\BOOKMARK [2][-]{subsection.2.1}{Promieniowanie rentgenowskie}{section.2}% 5
\BOOKMARK [3][-]{subsubsection.2.1.1}{Promieniowanie hamowania\(ciag\233e\)}{subsection.2.1}% 6
\BOOKMARK [3][-]{subsubsection.2.1.2}{Poziomy energetyczne atomu}{subsection.2.1}% 7
\BOOKMARK [3][-]{subsubsection.2.1.3}{Promieniowanie charakterystyczne}{subsection.2.1}% 8
\BOOKMARK [2][-]{subsection.2.2}{Sta\233a Plancka}{section.2}% 9
\BOOKMARK [2][-]{subsection.2.3}{Struktura krystalograficzna}{section.2}% 10
\BOOKMARK [3][-]{subsubsection.2.3.1}{Wskazniki Millera}{subsection.2.3}% 11
\BOOKMARK [2][-]{subsection.2.4}{Dyfrakcyjne metody badania kryszta\233\363w}{section.2}% 12
\BOOKMARK [3][-]{subsubsection.2.4.1}{Metoda Lauego}{subsection.2.4}% 13
\BOOKMARK [3][-]{subsubsection.2.4.2}{Metoda proszkowa}{subsection.2.4}% 14
\BOOKMARK [3][-]{subsubsection.2.4.3}{Metoda obracajacego sie kryszta\233u}{subsection.2.4}% 15
\BOOKMARK [1][-]{section.3}{Obliczenia}{}% 16
\BOOKMARK [2][-]{subsection.3.1}{Wyznaczanie sta\233ej Plancka}{section.3}% 17
\BOOKMARK [2][-]{subsection.3.2}{Sta\233a sieci krystalicznej}{section.3}% 18
\BOOKMARK [1][-]{section.4}{Niepewnosc pomiarowa}{}% 19
\BOOKMARK [2][-]{subsection.4.1}{Sta\233a Plancka}{section.4}% 20
\BOOKMARK [2][-]{subsection.4.2}{Sta\233a sieci}{section.4}% 21
\BOOKMARK [1][-]{section.5}{Wnioski}{}% 22
\BOOKMARK [2][-]{subsection.5.1}{Sta\233a Plancka}{section.5}% 23
\BOOKMARK [2][-]{subsection.5.2}{Sta\233a sieci}{section.5}% 24
