\BOOKMARK [1][-]{section.1}{Wyniki}{}% 1
\BOOKMARK [1][-]{section.2}{Tabela pomiarowa}{}% 2
\BOOKMARK [1][-]{section.3}{Opis teoretyczny}{}% 3
\BOOKMARK [2][-]{subsection.3.1}{Serie widmowe}{section.3}% 4
\BOOKMARK [2][-]{subsection.3.2}{Model wektorowy atomu}{section.3}% 5
\BOOKMARK [2][-]{subsection.3.3}{Diagram Grotriana dla rteci}{section.3}% 6
\BOOKMARK [3][-]{subsubsection.3.3.1}{Zasady wyboru}{subsection.3.3}% 7
\BOOKMARK [2][-]{subsection.3.4}{Linie rezonansowe}{section.3}% 8
\BOOKMARK [2][-]{subsection.3.5}{Rodzaje zderzen elektron\363w z atomem. Efekt Ramsauera, przekr\363j czynny na zderzenia}{section.3}% 9
\BOOKMARK [3][-]{subsubsection.3.5.1}{Zderzenia sprezyste}{subsection.3.5}% 10
\BOOKMARK [3][-]{subsubsection.3.5.2}{Zderzenia niesprezyste}{subsection.3.5}% 11
\BOOKMARK [3][-]{subsubsection.3.5.3}{Efekt Ramsauera}{subsection.3.5}% 12
\BOOKMARK [2][-]{subsection.3.6}{Pomiar potencja\233u wzbudzenia i jonizacji}{section.3}% 13
\BOOKMARK [2][-]{subsection.3.7}{Doswiadczenie Francka-Hertza}{section.3}% 14
\BOOKMARK [2][-]{subsection.3.8}{Interpretacja wynik\363w}{section.3}% 15
\BOOKMARK [1][-]{section.4}{Opis doswiadczenia}{}% 16
\BOOKMARK [1][-]{section.5}{Obliczenia}{}% 17
\BOOKMARK [1][-]{section.6}{Niepewnosci pomiar\363w}{}% 18
\BOOKMARK [1][-]{section.7}{Wnioski}{}% 19
\BOOKMARK [1][-]{section.8}{Wykresy}{}% 20
\BOOKMARK [2][-]{subsection.8.1}{T=67C}{section.8}% 21
\BOOKMARK [2][-]{subsection.8.2}{T=72C}{section.8}% 22
\BOOKMARK [2][-]{subsection.8.3}{T=78C}{section.8}% 23
\BOOKMARK [2][-]{subsection.8.4}{T=83C}{section.8}% 24
